2024-10-02 00:42:17,246 DEBUG    root            Loaded Command Group: ['gcloud', 'app']
2024-10-02 00:42:17,247 ERROR    root            (gcloud.app) Command name argument expected.
2024-10-02 00:42:17,247 DEBUG    root            Loaded Command Group: ['gcloud', 'app', 'firewall_rules']
2024-10-02 00:42:17,253 DEBUG    root            Loaded Command Group: ['gcloud', 'app', 'gen_repo_info_file']
2024-10-02 00:42:17,254 DEBUG    root            No implementation for release track [GA] for element: [/opt/homebrew/Caskroom/google-cloud-sdk/495.0.0/google-cloud-sdk/lib/surface/app/migrate_config]
2024-10-02 00:42:17,255 DEBUG    root            Loaded Command Group: ['gcloud', 'app', 'versions']
2024-10-02 00:42:17,510 DEBUG    root            No implementation for release track [GA] for element: [/opt/homebrew/Caskroom/google-cloud-sdk/495.0.0/google-cloud-sdk/lib/surface/app/gen_config]
2024-10-02 00:42:17,510 DEBUG    root            No implementation for release track [GA] for element: [/opt/homebrew/Caskroom/google-cloud-sdk/495.0.0/google-cloud-sdk/lib/surface/app/repair]
2024-10-02 00:42:17,511 DEBUG    root            Loaded Command Group: ['gcloud', 'app', 'describe']
2024-10-02 00:42:17,557 DEBUG    root            Loaded Command Group: ['gcloud', 'app', 'deploy']
2024-10-02 00:42:17,558 DEBUG    root            Loaded Command Group: ['gcloud', 'app', 'runtimes']
2024-10-02 00:42:17,558 DEBUG    root            Loaded Command Group: ['gcloud', 'app', 'domain_mappings']
2024-10-02 00:42:17,560 DEBUG    root            Loaded Command Group: ['gcloud', 'app', 'open_console']
2024-10-02 00:42:17,560 DEBUG    root            Loaded Command Group: ['gcloud', 'app', 'ssl_certificates']
2024-10-02 00:42:17,561 DEBUG    root            Loaded Command Group: ['gcloud', 'app', 'instances']
2024-10-02 00:42:17,561 DEBUG    root            Loaded Command Group: ['gcloud', 'app', 'browse']
2024-10-02 00:42:17,562 DEBUG    root            Loaded Command Group: ['gcloud', 'app', 'logs']
2024-10-02 00:42:17,563 DEBUG    root            Loaded Command Group: ['gcloud', 'app', 'create']
2024-10-02 00:42:17,564 DEBUG    root            Loaded Command Group: ['gcloud', 'app', 'regions']
2024-10-02 00:42:17,564 DEBUG    root            Loaded Command Group: ['gcloud', 'app', 'operations']
2024-10-02 00:42:17,565 DEBUG    root            Loaded Command Group: ['gcloud', 'app', 'services']
2024-10-02 00:42:17,567 DEBUG    root            Loaded Command Group: ['gcloud', 'app', 'update']
2024-10-02 00:42:17,567 DEBUG    root            Chosen display Format:table[no-heading,margin=6,width=80]([0]:label='':align=left:width=22,[1]:label='':align=left:wrap)
2024-10-02 00:42:17,573 DEBUG    root            Chosen display Format:table[no-heading,margin=6,width=80]([0]:label='':align=left:width=22,[1]:label='':align=left:wrap)
